0 info it worked if it ends with ok
1 verbose cli [ '/usr/local/bin/node',
1 verbose cli   '/usr/local/bin/npm',
1 verbose cli   'install',
1 verbose cli   'ngrok',
1 verbose cli   '-g' ]
2 info using npm@3.10.5
3 info using node@v4.4.7
4 silly loadCurrentTree Starting
5 silly install loadCurrentTree
6 silly install readGlobalPackageData
7 silly fetchPackageMetaData ngrok
8 silly fetchOtherPackageData ngrok
9 silly cache add args [ 'ngrok', null ]
10 verbose cache add spec ngrok
11 silly cache add parsed spec Result {
11 silly cache add   raw: 'ngrok',
11 silly cache add   scope: null,
11 silly cache add   escapedName: 'ngrok',
11 silly cache add   name: null,
11 silly cache add   rawSpec: 'ngrok',
11 silly cache add   spec: '/Users/camilebron/Documents/FEND/Projects/optimization /ngrok',
11 silly cache add   type: 'local' }
12 silly addLocalTarball shasum (computed) da39a3ee5e6b4b0d3255bfef95601890afd80709
13 verbose addTmpTarball /Users/camilebron/Documents/FEND/Projects/optimization /ngrok not in flight; adding
14 verbose correctMkdir /Users/camilebron/.npm correctMkdir not in flight; initializing
15 verbose addTmpTarball validating metadata from /Users/camilebron/Documents/FEND/Projects/optimization /ngrok
16 verbose tar unpack /Users/camilebron/Documents/FEND/Projects/optimization /ngrok
17 verbose tar unpacking to /var/folders/r_/xp3_f9_x01n37_jlj0fsg2q00000gn/T/npm-8152-f5cdf4b4/unpack-d1e25cde
18 silly gentlyRm /var/folders/r_/xp3_f9_x01n37_jlj0fsg2q00000gn/T/npm-8152-f5cdf4b4/unpack-d1e25cde is being purged
19 verbose gentlyRm don't care about contents; nuking /var/folders/r_/xp3_f9_x01n37_jlj0fsg2q00000gn/T/npm-8152-f5cdf4b4/unpack-d1e25cde
20 silly gunzTarPerm modes [ '755', '644' ]
21 error tar.unpack error reading /Users/camilebron/Documents/FEND/Projects/optimization /ngrok
22 error addLocal Could not install /Users/camilebron/Documents/FEND/Projects/optimization /ngrok
23 silly fetchPackageMetaData Error: 0-byte tarball
23 silly fetchPackageMetaData Please run `npm cache clean`
23 silly fetchPackageMetaData     at /usr/local/lib/node_modules/npm/lib/utils/tar.js:276:14
23 silly fetchPackageMetaData     at FSReqWrap.oncomplete (fs.js:82:15)
23 silly fetchPackageMetaData  error for ngrok [Error: 0-byte tarball
23 silly fetchPackageMetaData Please run `npm cache clean`]
24 silly rollbackFailedOptional Starting
25 silly rollbackFailedOptional Finishing
26 silly runTopLevelLifecycles Starting
27 silly runTopLevelLifecycles Finishing
28 silly install printInstalled
29 verbose stack Error: 0-byte tarball
29 verbose stack Please run `npm cache clean`
29 verbose stack     at /usr/local/lib/node_modules/npm/lib/utils/tar.js:276:14
29 verbose stack     at FSReqWrap.oncomplete (fs.js:82:15)
30 verbose cwd /Users/camilebron/Documents/FEND/Projects/optimization
31 error Darwin 15.6.0
32 error argv "/usr/local/bin/node" "/usr/local/bin/npm" "install" "ngrok" "-g"
33 error node v4.4.7
34 error npm  v3.10.5
35 error 0-byte tarball
35 error Please run `npm cache clean`
36 error If you need help, you may report this error at:
36 error     <https://github.com/npm/npm/issues>
37 verbose exit [ 1, true ]
